0 iEditによるiEditの説明 
1 概要
15 動作環境
11 ノードとリンク
2 画面構成
7 画面イメージ
3 アウトラインビュー
4 リンクビュー
5 ネットワークビュー
6 テキストビュー
207 ノードの作成と編集
236 ノードいろいろ
237 四角形
238 楕円
239 点線枠
240 このように複数行にまたがるテキストも表示できます
505 このように
複数行に
またがる
テキスト
も表示
できます
241 線を消すとこのようになります
242 テキスト非表示
243 大きいテキスト
361 角の丸みがある四角形
244 塗つぶし1
245 塗つぶし2
446 シェイプ
448 シェイプ
447 シェイプのラベルは
通常ノードと同様に
自由に設定できます
250 ラベル入力ダイアログの説明
12 ノードのプロパティ
449 シェイプに関して
208 リンクの作成と編集
228 リンクいろいろ
246 ノード０
230 ノード２
231 ノード３
232 ノード４
233 ノード５
229 ノード１
234 ノード６
235 ノード７
314 見えないノード
13 リンクのプロパティ設定
10 アウトライン編集
330 ノードの階層を変える
331 ノードの階層内での順序を変える
531 折りたたみのレベルを指定する
332 ノードの追加と削除
333 リンクの追加モードと解除
677 ノードのアイコンイメージを変える
209 ダイアグラム編集
334 ノードの追加/移動や大きさの変更など
335 ノード・リンク追加モードの解除
337 ノードのコピーアンドペースト
385 親ノード・兄弟ノードの属性の継承
529 ダイアグラムのクリップボードへのコピー
614 MindMapモード
615 芋づる式移動
616 ダイレクト入力機能
272 自動レイアウト機能
297 デモの説明
274 Java
275 C++
276 BASIC
277 Pascal
278 Fortran
279 COBOL
295 DOS
290 Programming Language
291 Operating System
292 Windows
294 OS2
296 Numbers
293 Unix
280 one
289 zero
281 two
282 three
283 four
284 five
338 リンクビューでの操作
269 リンクビュー
270 選択中ノードのラベル
271 リンク先
342 リンクのコピーアンドペーストについて
343 リンクを手繰るナビゲーション方法
562 リンクビューへのファイルのドラッグ＆ドロップに関して
560 リンクビューのアイコン
553 リンク先(同じ階層)
558 リンク元(同じ階層)
555 リンク先(違う階層)
559 リンク元(違う階層)
556 ファイルへのリンク
573 フォルダへのリンク
557 URL
678 iEditファイルへのリンク
27 サンプル
38 情報マップの作成/ブレインストーミング
345 エレクトリックコマース
346 電子マネー
350 暗号
355 ＩＣカード
352 SET
353 VPN
351 電子透かし
349 不正アクセス
348 デビッドカード
354 コンピュータウイルス
347 モバイルバンキング
28 状態遷移図
29 開始
40 終了
30 状態1
33 状態2.1
34 状態2.2
32 状態3
35 スーパー状態
31 状態2
39 Webのブックマーク集として
311 検索エンジン
312 書籍・マガジン
313 開発情報
8 メニューコマンド解説
9 ショートカットキー
453 検索と置換
143 オプション設定
362 データのインポートとエクスポート
373 XMLの例
405 タグの定義をツリーにしてみました
406 iEditDoc
407 inode
409 id
410 pid
613 level
411 label
412 text
413 labelAlign
414 shape
415 bound
416 left
417 right
418 top
419 bottom
420 ForColor
421 f_red
422 f_green
423 f_blue
424 nodeLine
425 nodeLineStyle
426 nodeLineWidth
427 nodeLineColor
428 l_red
429 l_green
430 l_blue
408 ilink
431 from
432 to
433 caption
434 linkLine
435 linkLineStyle
436 linkLineWidth
437 arrow
438 linkLineColor
439 n_red
440 n_green
441 n_blue
442 pathPt
443 path_x
444 path_y
445 locate
254 よくある質問
404 Ｑ：印刷が小さすぎる(または大きすぎる)
336 Ｑ:アウトラインビューとネットワークビューの関係は？
561 Ｑ:階層の違うノードへのリンクの張り方は？
255 Ｑ:複数のノードをまとめてコピーしたい
256 Ｑ:複数のノードの属性をまとめて変更したい
257 Ｑ:テキストファイルからデータを取り込みたい
384 Ｑ：ノードの文字列を折返し表示したい
386 Ｑ：自動レイアウトの使いこなし方は
369 Ｑ:機能拡張の予定は？
383 既知の問題点
14 著作権など
